TN:
SF:src/app.js
FN:8,(anonymous_0)
FNF:1
FNH:1
FNDA:2,(anonymous_0)
DA:1,2
DA:2,2
DA:3,2
DA:4,2
DA:6,2
DA:8,2
DA:9,2
DA:10,1
DA:13,2
DA:14,2
DA:15,2
DA:17,2
DA:19,2
LF:13
LH:13
BRF:0
BRH:0
end_of_record
TN:
SF:src/router.js
FN:7,(anonymous_0)
FNF:1
FNH:1
FNDA:1,(anonymous_0)
DA:1,2
DA:2,2
DA:3,2
DA:5,2
DA:7,2
DA:8,1
DA:11,2
LF:7
LH:7
BRF:0
BRH:0
end_of_record
TN:
SF:src/utils.js
FN:1,(anonymous_0)
FN:16,(anonymous_1)
FNF:2
FNH:2
FNDA:13,(anonymous_0)
FNDA:12,(anonymous_1)
DA:1,3
DA:2,13
DA:3,2
DA:6,11
DA:7,2
DA:10,9
DA:11,9
DA:12,9
DA:13,9
DA:16,3
DA:17,12
DA:18,2
DA:21,10
DA:22,2
DA:24,8
DA:27,3
LF:16
LH:16
BRDA:2,0,0,2
BRDA:2,0,1,11
BRDA:6,1,0,2
BRDA:6,1,1,9
BRDA:17,2,0,2
BRDA:17,2,1,10
BRDA:21,3,0,2
BRDA:21,3,1,8
BRF:8
BRH:8
end_of_record
TN:
SF:src/controllers/product-controller.js
FN:4,(anonymous_0)
FNF:1
FNH:1
FNDA:7,(anonymous_0)
DA:1,2
DA:2,2
DA:4,2
DA:6,7
DA:9,7
DA:10,2
DA:12,5
DA:15,7
DA:18,2
LF:9
LH:9
BRDA:9,0,0,2
BRDA:9,0,1,5
BRF:2
BRH:2
end_of_record
TN:
SF:src/db/index.js
FN:6,(anonymous_0)
FN:15,(anonymous_1)
FN:29,(anonymous_2)
FNF:3
FNH:3
FNDA:4,(anonymous_0)
FNDA:1,(anonymous_1)
FNDA:1,(anonymous_2)
DA:1,3
DA:2,3
DA:4,3
DA:6,3
DA:7,4
DA:8,3
DA:9,2
DA:12,1
DA:15,3
DA:16,1
DA:22,1
DA:23,1
DA:25,0
DA:29,3
DA:30,1
DA:31,1
DA:32,1
DA:33,1
DA:37,3
LF:19
LH:18
BRDA:8,0,0,2
BRDA:8,0,1,1
BRDA:12,1,0,1
BRDA:12,1,1,1
BRDA:32,2,0,1
BRDA:32,2,1,0
BRF:6
BRH:5
end_of_record
TN:
SF:src/db/seed.js
FNF:0
FNH:0
DA:1,1
DA:144,1
LF:2
LH:2
BRF:0
BRH:0
end_of_record
TN:
SF:src/models/Product.js
FNF:0
FNH:0
DA:1,2
DA:3,2
DA:12,2
LF:3
LH:3
BRF:0
BRH:0
end_of_record
TN:
SF:src/services/product-service.js
FN:4,(anonymous_0)
FN:29,(anonymous_1)
FN:41,(anonymous_2)
FNF:3
FNH:3
FNDA:5,(anonymous_0)
FNDA:2,(anonymous_1)
FNDA:2,(anonymous_2)
DA:1,2
DA:2,2
DA:4,2
DA:5,5
DA:6,5
DA:8,5
DA:9,4
DA:17,5
DA:18,5
DA:20,5
DA:21,2
DA:27,3
DA:28,1
DA:29,1
DA:30,2
DA:31,2
DA:35,3
DA:41,2
DA:43,2
DA:44,2
DA:48,2
DA:49,2
DA:51,2
DA:52,1
DA:53,1
DA:56,2
DA:62,2
LF:27
LH:27
BRDA:8,0,0,4
BRDA:8,0,1,1
BRDA:20,1,0,2
BRDA:20,1,1,3
BRDA:27,2,0,1
BRDA:27,2,1,2
BRDA:51,3,0,1
BRDA:51,3,1,1
BRF:8
BRH:8
end_of_record
